Using pre-set license
Built from '2021.1/staging' branch; Version is '2021.1.17f1 (03b40fe07a36) revision 242703'; Using compiler version '192528614'; Build Type 'Release'
OS: 'Windows 10 Home; OS build 19043.1415; Version 2009; 64bit' Language: 'ko' Physical Memory: 32714 MB
BatchMode: 1, IsHumanControllingUs: 0, StartBugReporterOnCrash: 0, Is64bit: 1, IsPro: 0

 COMMAND LINE ARGUMENTS:
D:\Unity\Unity 2021.1.17f1\Editor\Unity.exe
-adb2
-batchMode
-noUpm
-name
AssetImportWorker0
-projectPath
D:/project/Infinite stairs/Infinite stairs
-logFile
Logs/AssetImportWorker0.log
-srvPort
64071
Successfully changed project path to: D:/project/Infinite stairs/Infinite stairs
D:/project/Infinite stairs/Infinite stairs
Using Asset Import Pipeline V2.
Refreshing native plugins compatible for Editor in 55.29 ms, found 3 plugins.
Preloading 0 native plugins for Editor in 0.00 ms.
Initialize engine version: 2021.1.17f1 (03b40fe07a36)
[Subsystems] Discovering subsystems at path D:/Unity/Unity 2021.1.17f1/Editor/Data/Resources/UnitySubsystems
[Subsystems] Discovering subsystems at path D:/project/Infinite stairs/Infinite stairs/Assets
GfxDevice: creating device client; threaded=0; jobified=0
Direct3D:
    Version:  Direct3D 11.0 [level 11.1]
    Renderer: NVIDIA GeForce GTX 1080 (ID=0x1b80)
    Vendor:   NVIDIA
    VRAM:     8079 MB
    Driver:   30.0.14.9709
Initialize mono
Mono path[0] = 'D:/Unity/Unity 2021.1.17f1/Editor/Data/Managed'
Mono path[1] = 'D:/Unity/Unity 2021.1.17f1/Editor/Data/MonoBleedingEdge/lib/mono/unityjit'
Mono config path = 'D:/Unity/Unity 2021.1.17f1/Editor/Data/MonoBleedingEdge/etc'
Using monoOptions --debugger-agent=transport=dt_socket,embedding=1,server=y,suspend=n,address=127.0.0.1:56140
Begin MonoManager ReloadAssembly
Registering precompiled unity dll's ...
Register platform support module: D:/Unity/Unity 2021.1.17f1/Editor/Data/PlaybackEngines/WindowsStandaloneSupport/UnityEditor.WindowsStandalone.Extensions.dll
Registered in 0.001697 seconds.
Native extension for WindowsStandalone target not found
Refreshing native plugins compatible for Editor in 58.60 ms, found 3 plugins.
Preloading 0 native plugins for Editor in 0.00 ms.
Mono: successfully reloaded assembly
- Completed reload, in  0.833 seconds
Domain Reload Profiling:
	ReloadAssembly (833ms)
		BeginReloadAssembly (50ms)
			ExecutionOrderSort (0ms)
			DisableScriptedObjects (0ms)
			BackupInstance (0ms)
			ReleaseScriptingObjects (0ms)
			CreateAndSetChildDomain (1ms)
		EndReloadAssembly (319ms)
			LoadAssemblies (47ms)
			RebuildTransferFunctionScriptingTraits (0ms)
			SetupTypeCache (106ms)
			ReleaseScriptCaches (0ms)
			RebuildScriptCaches (20ms)
			SetupLoadedEditorAssemblies (159ms)
				LogAssemblyErrors (0ms)
				InitializePlatformSupportModulesInManaged (5ms)
				SetLoadedEditorAssemblies (0ms)
				RefreshPlugins (59ms)
				BeforeProcessingInitializeOnLoad (1ms)
				ProcessInitializeOnLoadAttributes (73ms)
				ProcessInitializeOnLoadMethodAttributes (21ms)
				AfterProcessingInitializeOnLoad (0ms)
				EditorAssembliesLoaded (0ms)
			ExecutionOrderSort2 (0ms)
			AwakeInstancesAfterBackupRestoration (0ms)
Platform modules already initialized, skipping
Registering precompiled user dll's ...
Registered in 0.005710 seconds.
Begin MonoManager ReloadAssembly
Symbol file LoadedFromMemory doesn't match image D:\project\Infinite stairs\Infinite stairs\Library\PackageCache\com.unity.visualscripting@1.6.1\Editor\VisualScripting.Core\Dependencies\YamlDotNet\Unity.VisualScripting.YamlDotNet.dll
Symbol file LoadedFromMemory doesn't match image D:\project\Infinite stairs\Infinite stairs\Library\PackageCache\com.unity.visualscripting@1.6.1\Editor\VisualScripting.Core\Dependencies\DotNetZip\Unity.VisualScripting.IonicZip.dll
Native extension for WindowsStandalone target not found
Refreshing native plugins compatible for Editor in 0.57 ms, found 3 plugins.
Preloading 0 native plugins for Editor in 0.00 ms.
Mono: successfully reloaded assembly
- Completed reload, in  0.851 seconds
Domain Reload Profiling:
	ReloadAssembly (851ms)
		BeginReloadAssembly (113ms)
			ExecutionOrderSort (0ms)
			DisableScriptedObjects (4ms)
			BackupInstance (0ms)
			ReleaseScriptingObjects (0ms)
			CreateAndSetChildDomain (16ms)
		EndReloadAssembly (694ms)
			LoadAssemblies (71ms)
			RebuildTransferFunctionScriptingTraits (0ms)
			SetupTypeCache (227ms)
			ReleaseScriptCaches (0ms)
			RebuildScriptCaches (30ms)
			SetupLoadedEditorAssemblies (310ms)
				LogAssemblyErrors (0ms)
				InitializePlatformSupportModulesInManaged (4ms)
				SetLoadedEditorAssemblies (0ms)
				RefreshPlugins (1ms)
				BeforeProcessingInitializeOnLoad (53ms)
				ProcessInitializeOnLoadAttributes (242ms)
				ProcessInitializeOnLoadMethodAttributes (4ms)
				AfterProcessingInitializeOnLoad (6ms)
				EditorAssembliesLoaded (0ms)
			ExecutionOrderSort2 (0ms)
			AwakeInstancesAfterBackupRestoration (5ms)
Platform modules already initialized, skipping
========================================================================
Worker process is ready to serve import requests
Launched and connected shader compiler UnityShaderCompiler.exe after 0.04 seconds
Refreshing native plugins compatible for Editor in 0.69 ms, found 3 plugins.
Preloading 0 native plugins for Editor in 0.00 ms.
Unloading 2948 Unused Serialized files (Serialized files now loaded: 0)
System memory in use before: 105.7 MB.
System memory in use after: 105.9 MB.

Unloading 22 unused Assets to reduce memory usage. Loaded Objects now: 3393.
Total: 2.599400 ms (FindLiveObjects: 0.203100 ms CreateObjectMapping: 0.073800 ms MarkObjects: 2.275400 ms  DeleteObjects: 0.046100 ms)

AssetImportParameters requested are different than current active one (requested -> active):
  custom:framework-win-MediaFoundation: 216162199b28c13a410421893ffa2e32 -> 
  custom:video-decoder-ogg-theora: a1e56fd34408186e4bbccfd4996cb3dc -> 
  custom:container-muxer-webm: aa71ff27fc2769a1b78a27578f13a17b -> 
  custom:container-demuxer-webm: 4f35f7cbe854078d1ac9338744f61a02 -> 
  custom:container-demuxer-ogg: 62fdf1f143b41e24485cea50d1cbac27 -> 
  custom:video-encoder-webm-vp8: eb34c28f22e8b96e1ab97ce403110664 -> 
  custom:video-decoder-webm-vp8: 9c59270c3fd7afecdb556c50c9e8de78 -> 
  custom:audio-decoder-ogg-vorbis: bf7c407c2cedff20999df2af8eb42d56 -> 
  custom:audio-encoder-webm-vorbis: bf7c407c2cedff20999df2af8eb42d56 -> 
========================================================================
Received Import Request.
  path: Assets/Fonts
  artifactKey: Guid(69ed6e73d1137e74ea34225114141514) Importer(815301076,1909f56bfc062723c751e8b465ee728b)
Start importing Assets/Fonts using Guid(69ed6e73d1137e74ea34225114141514) Importer(815301076,1909f56bfc062723c751e8b465ee728b)  -> (artifact id: '622d5fe39d7625586543e90ff7bd2f65') in 0.007671 seconds 
========================================================================
Received Import Request.
  Time since last request: 415.274698 seconds.
  path: Assets/Sprites/bg001.png
  artifactKey: Guid(bbb771e5fde3bfe4dbe603a35489d731) Importer(815301076,1909f56bfc062723c751e8b465ee728b)
Start importing Assets/Sprites/bg001.png using Guid(bbb771e5fde3bfe4dbe603a35489d731) Importer(815301076,1909f56bfc062723c751e8b465ee728b)  -> (artifact id: '34ecac6ea6173039071fc35cd10a2224') in 0.081487 seconds 
========================================================================
Received Import Request.
  Time since last request: 0.000123 seconds.
  path: Assets/Sprites/복서 Move.PNG
  artifactKey: Guid(e34965dca81eeba42a9e01bd8180fce5) Importer(815301076,1909f56bfc062723c751e8b465ee728b)
Start importing Assets/Sprites/복서 Move.PNG using Guid(e34965dca81eeba42a9e01bd8180fce5) Importer(815301076,1909f56bfc062723c751e8b465ee728b)  -> (artifact id: '49f9b434b9a414f40933a0981fe9ef35') in 0.011994 seconds 
========================================================================
Received Import Request.
  Time since last request: 0.000130 seconds.
  path: Assets/Sprites/무한의계단 캐릭터들.PNG
  artifactKey: Guid(a5983e527e0fa4340bf3f6ce274b0627) Importer(815301076,1909f56bfc062723c751e8b465ee728b)
Start importing Assets/Sprites/무한의계단 캐릭터들.PNG using Guid(a5983e527e0fa4340bf3f6ce274b0627) Importer(815301076,1909f56bfc062723c751e8b465ee728b)  -> (artifact id: 'cb7df44434c1c7b7ca3b14233579c8da') in 0.023441 seconds 
========================================================================
Received Import Request.
  Time since last request: 0.000125 seconds.
  path: Assets/Sprites/무한의계단pause.jpg
  artifactKey: Guid(38028193a48aae945970f82768955e04) Importer(815301076,1909f56bfc062723c751e8b465ee728b)
Start importing Assets/Sprites/무한의계단pause.jpg using Guid(38028193a48aae945970f82768955e04) Importer(815301076,1909f56bfc062723c751e8b465ee728b)  -> (artifact id: 'f9e676fa25e8f8ff51109c3307893707') in 0.014204 seconds 
========================================================================
Received Import Request.
  Time since last request: 0.000138 seconds.
  path: Assets/Sprites/new.PNG
  artifactKey: Guid(18a1c7a5a31efc44fa7f19f3ae6d625e) Importer(815301076,1909f56bfc062723c751e8b465ee728b)
Start importing Assets/Sprites/new.PNG using Guid(18a1c7a5a31efc44fa7f19f3ae6d625e) Importer(815301076,1909f56bfc062723c751e8b465ee728b)  -> (artifact id: 'b26ac44d2bac365b897faa8341494a0d') in 0.009526 seconds 
========================================================================
Received Import Request.
  Time since last request: 0.000139 seconds.
  path: Assets/Sprites/storyboard6.png
  artifactKey: Guid(339f6d2d597ff06409a54e10a6b8b13d) Importer(815301076,1909f56bfc062723c751e8b465ee728b)
Start importing Assets/Sprites/storyboard6.png using Guid(339f6d2d597ff06409a54e10a6b8b13d) Importer(815301076,1909f56bfc062723c751e8b465ee728b)  -> (artifact id: '794bc2c10113a2271620bb9c7f1dbfbc') in 0.010262 seconds 
========================================================================
Received Import Request.
  Time since last request: 0.000144 seconds.
  path: Assets/Sprites/계단.PNG
  artifactKey: Guid(81908cb797f30bc439e325700701bda3) Importer(815301076,1909f56bfc062723c751e8b465ee728b)
Start importing Assets/Sprites/계단.PNG using Guid(81908cb797f30bc439e325700701bda3) Importer(815301076,1909f56bfc062723c751e8b465ee728b)  -> (artifact id: 'abb0eb9e4309f2becbf5c1b3cc4c328c') in 0.009588 seconds 
========================================================================
Received Import Request.
  Time since last request: 0.000122 seconds.
  path: Assets/Sprites/일시정지버튼.PNG
  artifactKey: Guid(78d8f110489f53e4cafa93cfd7fb36f6) Importer(815301076,1909f56bfc062723c751e8b465ee728b)
Start importing Assets/Sprites/일시정지버튼.PNG using Guid(78d8f110489f53e4cafa93cfd7fb36f6) Importer(815301076,1909f56bfc062723c751e8b465ee728b)  -> (artifact id: '2beacad623a3532eb7bc80305283b71a') in 0.007788 seconds 
========================================================================
Received Import Request.
  Time since last request: 0.000121 seconds.
  path: Assets/Sprites/urban-landscape-background-Preview.png
  artifactKey: Guid(f27b8375aa5d568408214f005fc738a5) Importer(815301076,1909f56bfc062723c751e8b465ee728b)
Start importing Assets/Sprites/urban-landscape-background-Preview.png using Guid(f27b8375aa5d568408214f005fc738a5) Importer(815301076,1909f56bfc062723c751e8b465ee728b)  -> (artifact id: 'e551de4f547a3db40044ffc529ad9895') in 0.008344 seconds 
========================================================================
Received Import Request.
  Time since last request: 0.000116 seconds.
  path: Assets/Sprites/Item_Coin.png
  artifactKey: Guid(f001c2246ff2f2b43b99ed6010874451) Importer(815301076,1909f56bfc062723c751e8b465ee728b)
Start importing Assets/Sprites/Item_Coin.png using Guid(f001c2246ff2f2b43b99ed6010874451) Importer(815301076,1909f56bfc062723c751e8b465ee728b)  -> (artifact id: 'f8fd1a57b32a4653b986c59816394f2c') in 0.011970 seconds 
========================================================================
Received Import Request.
  Time since last request: 0.000123 seconds.
  path: Assets/Sprites/계단 메인.PNG
  artifactKey: Guid(89617e6c58c8c05438625495a21cf5dc) Importer(815301076,1909f56bfc062723c751e8b465ee728b)
Start importing Assets/Sprites/계단 메인.PNG using Guid(89617e6c58c8c05438625495a21cf5dc) Importer(815301076,1909f56bfc062723c751e8b465ee728b)  -> (artifact id: '18b49be421c36dd3da419c6ed7b80b83') in 0.015973 seconds 
========================================================================
Received Import Request.
  Time since last request: 0.000121 seconds.
  path: Assets/Sprites/bg003.png
  artifactKey: Guid(7a8f381f99d5b0648ae4524b1b4894ed) Importer(815301076,1909f56bfc062723c751e8b465ee728b)
Start importing Assets/Sprites/bg003.png using Guid(7a8f381f99d5b0648ae4524b1b4894ed) Importer(815301076,1909f56bfc062723c751e8b465ee728b)  -> (artifact id: '2b58ab11c03224070629714f20784894') in 0.009795 seconds 
========================================================================
Received Import Request.
  Time since last request: 0.000119 seconds.
  path: Assets/Sprites/unnamed (1).png
  artifactKey: Guid(ca297735c7e4e9f45b1852a96be90369) Importer(815301076,1909f56bfc062723c751e8b465ee728b)
Start importing Assets/Sprites/unnamed (1).png using Guid(ca297735c7e4e9f45b1852a96be90369) Importer(815301076,1909f56bfc062723c751e8b465ee728b)  -> (artifact id: '5811ea1aa58d5d18fd40c3fca98309e7') in 0.009279 seconds 
========================================================================
Received Import Request.
  Time since last request: 0.000119 seconds.
  path: Assets/Sprites/unnamed.png
  artifactKey: Guid(acf86c8d46c24d04aa19f04362fdd6d2) Importer(815301076,1909f56bfc062723c751e8b465ee728b)
Start importing Assets/Sprites/unnamed.png using Guid(acf86c8d46c24d04aa19f04362fdd6d2) Importer(815301076,1909f56bfc062723c751e8b465ee728b)  -> (artifact id: '28e4f35b09b86d53c67985056f2b70b1') in 0.009810 seconds 
========================================================================
Received Import Request.
  Time since last request: 0.000132 seconds.
  path: Assets/Sprites/Pause.jpg
  artifactKey: Guid(b6830b97127aac6459105d2b46c8e98b) Importer(815301076,1909f56bfc062723c751e8b465ee728b)
Start importing Assets/Sprites/Pause.jpg using Guid(b6830b97127aac6459105d2b46c8e98b) Importer(815301076,1909f56bfc062723c751e8b465ee728b)  -> (artifact id: 'a56c41b7059c61fc4ffacbef0b8ffab0') in 0.013215 seconds 
========================================================================
Received Import Request.
  Time since last request: 0.000131 seconds.
  path: Assets/Sprites/계단 게임오버.PNG
  artifactKey: Guid(ae4e9883efeff1e47a0c5d4de474704b) Importer(815301076,1909f56bfc062723c751e8b465ee728b)
Start importing Assets/Sprites/계단 게임오버.PNG using Guid(ae4e9883efeff1e47a0c5d4de474704b) Importer(815301076,1909f56bfc062723c751e8b465ee728b)  -> (artifact id: '0080ec1a5c39e9ce498d8956d45b62ae') in 0.031648 seconds 
========================================================================
Received Import Request.
  Time since last request: 0.000123 seconds.
  path: Assets/Sprites/UI_Button.png
  artifactKey: Guid(49faa08184636164192d6542a5d7ec37) Importer(815301076,1909f56bfc062723c751e8b465ee728b)
Start importing Assets/Sprites/UI_Button.png using Guid(49faa08184636164192d6542a5d7ec37) Importer(815301076,1909f56bfc062723c751e8b465ee728b)  -> (artifact id: 'e3fe0d13833d030c07e265eb1758cc98') in 0.008094 seconds 
========================================================================
Received Import Request.
  Time since last request: 0.000151 seconds.
  path: Assets/Sprites/게이지.PNG
  artifactKey: Guid(325cc05a8b4f91c439b5e48b3c2c6209) Importer(815301076,1909f56bfc062723c751e8b465ee728b)
Start importing Assets/Sprites/게이지.PNG using Guid(325cc05a8b4f91c439b5e48b3c2c6209) Importer(815301076,1909f56bfc062723c751e8b465ee728b)  -> (artifact id: '58b972f61db20b104385b050b43a1310') in 0.008765 seconds 
========================================================================
Received Import Request.
  Time since last request: 0.000119 seconds.
  path: Assets/Sprites/비서오르기.png
  artifactKey: Guid(7ef47a873f4d156498efa4a68cfbca81) Importer(815301076,1909f56bfc062723c751e8b465ee728b)
Start importing Assets/Sprites/비서오르기.png using Guid(7ef47a873f4d156498efa4a68cfbca81) Importer(815301076,1909f56bfc062723c751e8b465ee728b)  -> (artifact id: '9074fa757df06e3365ddc21f91b075c0') in 0.013674 seconds 
========================================================================
Received Import Request.
  Time since last request: 0.000108 seconds.
  path: Assets/Sprites/배관공2.png
  artifactKey: Guid(0b7c511129c6ba5408a5df40568787cf) Importer(815301076,1909f56bfc062723c751e8b465ee728b)
Start importing Assets/Sprites/배관공2.png using Guid(0b7c511129c6ba5408a5df40568787cf) Importer(815301076,1909f56bfc062723c751e8b465ee728b)  -> (artifact id: '04a3b450c13b12469483fc0f3b5a6e0e') in 0.010543 seconds 
========================================================================
Received Import Request.
  Time since last request: 0.000118 seconds.
  path: Assets/Sprites/select.jpg
  artifactKey: Guid(1d753047fa9a0d74da5a5a94dbaab467) Importer(815301076,1909f56bfc062723c751e8b465ee728b)
Start importing Assets/Sprites/select.jpg using Guid(1d753047fa9a0d74da5a5a94dbaab467) Importer(815301076,1909f56bfc062723c751e8b465ee728b)  -> (artifact id: '8582fc64726f13f6fc3e84f8a220328e') in 0.010056 seconds 
========================================================================
Received Import Request.
  Time since last request: 0.000121 seconds.
  path: Assets/Sprites/방향전환버튼.PNG
  artifactKey: Guid(8ecb74fe9d524ce4cba569250ab398ef) Importer(815301076,1909f56bfc062723c751e8b465ee728b)
Start importing Assets/Sprites/방향전환버튼.PNG using Guid(8ecb74fe9d524ce4cba569250ab398ef) Importer(815301076,1909f56bfc062723c751e8b465ee728b)  -> (artifact id: 'd877b52a4fbc489405699a947884a202') in 0.009690 seconds 
========================================================================
Received Import Request.
  Time since last request: 0.000134 seconds.
  path: Assets/Sprites/오르기버튼.PNG
  artifactKey: Guid(4f0c595d03fc1f744875d7d59cc92b6b) Importer(815301076,1909f56bfc062723c751e8b465ee728b)
Start importing Assets/Sprites/오르기버튼.PNG using Guid(4f0c595d03fc1f744875d7d59cc92b6b) Importer(815301076,1909f56bfc062723c751e8b465ee728b)  -> (artifact id: '5b3c18f9409e60bdd25b559cb982adf1') in 0.009478 seconds 
========================================================================
Received Import Request.
  Time since last request: 0.000122 seconds.
  path: Assets/Sprites/치어리더2.png
  artifactKey: Guid(69928dd848f6b1d498ae9a329b832a2b) Importer(815301076,1909f56bfc062723c751e8b465ee728b)
Start importing Assets/Sprites/치어리더2.png using Guid(69928dd848f6b1d498ae9a329b832a2b) Importer(815301076,1909f56bfc062723c751e8b465ee728b)  -> (artifact id: 'b19577dadb4a8fae7e07c83ae62acc38') in 0.010299 seconds 
========================================================================
Received Import Request.
  Time since last request: 0.000138 seconds.
  path: Assets/Sprites/보안관2.png
  artifactKey: Guid(9b807cf6a51f62a4e9cd258db37be89f) Importer(815301076,1909f56bfc062723c751e8b465ee728b)
Start importing Assets/Sprites/보안관2.png using Guid(9b807cf6a51f62a4e9cd258db37be89f) Importer(815301076,1909f56bfc062723c751e8b465ee728b)  -> (artifact id: '61e2a7210ab23b4f15a56dd0d498b2ca') in 0.010535 seconds 
========================================================================
Received Import Request.
  Time since last request: 446.615043 seconds.
  path: Assets/Sprites/캐릭터Die.PNG
  artifactKey: Guid(a8f53103303adf64e8ee5e068de12ce2) Importer(815301076,1909f56bfc062723c751e8b465ee728b)
Start importing Assets/Sprites/캐릭터Die.PNG using Guid(a8f53103303adf64e8ee5e068de12ce2) Importer(815301076,1909f56bfc062723c751e8b465ee728b)  -> (artifact id: '87bc1575ade526e792f5d86e7a632b2a') in 0.021941 seconds 
========================================================================
Received Import Request.
  Time since last request: 5.294461 seconds.
  path: Assets/Fonts/CookieRun Black.ttf
  artifactKey: Guid(d307e94abe0031c4bb55305d28cd5b26) Importer(815301076,1909f56bfc062723c751e8b465ee728b)
Start importing Assets/Fonts/CookieRun Black.ttf using Guid(d307e94abe0031c4bb55305d28cd5b26) Importer(815301076,1909f56bfc062723c751e8b465ee728b)  -> (artifact id: '2de0f53464ed8bb989e61ec8b93df82a') in 0.040379 seconds 
========================================================================
Received Import Request.
  Time since last request: 0.000130 seconds.
  path: Assets/Fonts/FlappyFont.TTF
  artifactKey: Guid(7dfe453e0d0628d42954fca5ad123149) Importer(815301076,1909f56bfc062723c751e8b465ee728b)
Start importing Assets/Fonts/FlappyFont.TTF using Guid(7dfe453e0d0628d42954fca5ad123149) Importer(815301076,1909f56bfc062723c751e8b465ee728b)  -> (artifact id: '4280fb0199600f0ab18650cf84310076') in 0.009379 seconds 
========================================================================
Received Import Request.
  Time since last request: 0.000113 seconds.
  path: Assets/Fonts/CookieRun Regular.ttf
  artifactKey: Guid(f68f778f2b0932a4ab0658bf8d3f1d7d) Importer(815301076,1909f56bfc062723c751e8b465ee728b)
Start importing Assets/Fonts/CookieRun Regular.ttf using Guid(f68f778f2b0932a4ab0658bf8d3f1d7d) Importer(815301076,1909f56bfc062723c751e8b465ee728b)  -> (artifact id: '82e8e48c732a0257f873e9dbcb81240f') in 0.009036 seconds 
========================================================================
Received Import Request.
  Time since last request: 0.000119 seconds.
  path: Assets/Fonts/CookieRun Bold.ttf
  artifactKey: Guid(c59c10030d03f4647958ec5449d8300e) Importer(815301076,1909f56bfc062723c751e8b465ee728b)
Start importing Assets/Fonts/CookieRun Bold.ttf using Guid(c59c10030d03f4647958ec5449d8300e) Importer(815301076,1909f56bfc062723c751e8b465ee728b)  -> (artifact id: '7adb6235ff688c2dbee5d0e4a5d1bb08') in 0.009289 seconds 
========================================================================
Received Import Request.
  Time since last request: 1.117336 seconds.
  path: Assets/Scenes/SampleScene.unity
  artifactKey: Guid(9fc0d4010bbf28b4594072e72b8655ab) Importer(815301076,1909f56bfc062723c751e8b465ee728b)
Start importing Assets/Scenes/SampleScene.unity using Guid(9fc0d4010bbf28b4594072e72b8655ab) Importer(815301076,1909f56bfc062723c751e8b465ee728b)  -> (artifact id: '85059f4f9e1a832ed95adaa0d25c5c4c') in 0.004629 seconds 
========================================================================
Received Import Request.
  Time since last request: 6.755029 seconds.
  path: Assets/Sprites/Materials
  artifactKey: Guid(5b94237b8d2e8c148839e27bf44b2278) Importer(815301076,1909f56bfc062723c751e8b465ee728b)
Start importing Assets/Sprites/Materials using Guid(5b94237b8d2e8c148839e27bf44b2278) Importer(815301076,1909f56bfc062723c751e8b465ee728b)  -> (artifact id: '1c15bb81078f185ef4b9d0234a3153de') in 0.004323 seconds 
========================================================================
Received Import Request.
  Time since last request: 0.087726 seconds.
  path: Assets/Sprites/Materials/bg001.mat
  artifactKey: Guid(d306b2dab3e87b24ab430f4433017a1b) Importer(815301076,1909f56bfc062723c751e8b465ee728b)
Start importing Assets/Sprites/Materials/bg001.mat using Guid(d306b2dab3e87b24ab430f4433017a1b) Importer(815301076,1909f56bfc062723c751e8b465ee728b)  -> (artifact id: 'f697d74472c1da3090e4663535197467') in 0.017688 seconds 
AssetImportWorkerClient::OnTransportError - code=2 error=End of file
